#
# There is insufficient memory for the Java Runtime Environment to continue.
# Native memory allocation (mmap) failed to map 83886080 bytes for committing reserved memory.
# Possible reasons:
#   The system is out of physical RAM or swap space
#   In 32 bit mode, the process size limit was hit
# Possible solutions:
#   Reduce memory load on the system
#   Increase physical memory or swap space
#   Check if swap backing store is full
#   Use 64 bit Java on a 64 bit OS
#   Decrease Java heap size (-Xmx/-Xms)
#   Decrease number of Java threads
#   Decrease Java thread stack sizes (-Xss)
#   Set larger code cache with -XX:ReservedCodeCacheSize=
# This output file may be truncated or incomplete.
#
#  Out of Memory Error (os_linux.cpp:2640), pid=6090, tid=0x00007f114cbfe700
#
# JRE version:  (8.0_131-b11) (build )
# Java VM: Java HotSpot(TM) 64-Bit Server VM (25.131-b11 mixed mode linux-amd64 compressed oops)
# Failed to write core dump. Core dumps have been disabled. To enable core dumping, try "ulimit -c unlimited" before starting Java again
#

---------------  T H R E A D  ---------------

Current thread (0x00007f1144007800):  JavaThread "Unknown thread" [_thread_in_vm, id=6097, stack(0x00007f114cafe000,0x00007f114cbff000)]

Stack: [0x00007f114cafe000,0x00007f114cbff000],  sp=0x00007f114cbfd3c0,  free space=1020k
Native frames: (J=compiled Java code, j=interpreted, Vv=VM code, C=native code)
V  [libjvm.so+0xac826a]  VMError::report_and_die()+0x2ba
V  [libjvm.so+0x4fd4cb]  report_vm_out_of_memory(char const*, int, unsigned long, VMErrorType, char const*)+0x8b
V  [libjvm.so+0x924f53]  os::Linux::commit_memory_impl(char*, unsigned long, bool)+0x103
V  [libjvm.so+0x9254a9]  os::pd_commit_memory(char*, unsigned long, unsigned long, bool)+0x29
V  [libjvm.so+0x91f6ca]  os::commit_memory(char*, unsigned long, unsigned long, bool)+0x2a
V  [libjvm.so+0x9941e3]  PSVirtualSpace::expand_by(unsigned long)+0x53
V  [libjvm.so+0x9842f7]  PSOldGen::initialize(ReservedSpace, unsigned long, char const*, int)+0xb7
V  [libjvm.so+0x2d8cea]  AdjoiningGenerations::AdjoiningGenerations(ReservedSpace, GenerationSizer*, unsigned long)+0x39a
V  [libjvm.so+0x9485c6]  ParallelScavengeHeap::initialize()+0x1d6
V  [libjvm.so+0xa902e3]  Universe::initialize_heap()+0xf3
V  [libjvm.so+0xa9084e]  universe_init()+0x3e
V  [libjvm.so+0x63e3e5]  init_globals()+0x65
V  [libjvm.so+0xa73f3e]  Threads::create_vm(JavaVMInitArgs*, bool*)+0x23e
V  [libjvm.so+0x6d2ce4]  JNI_CreateJavaVM+0x74
C  [libjli.so+0x745e]  JavaMain+0x9e
C  [libpthread.so.0+0x76ba]  start_thread+0xca


---------------  P R O C E S S  ---------------

Java Threads: ( => current thread )

Other Threads:

=>0x00007f1144007800 (exited) JavaThread "Unknown thread" [_thread_in_vm, id=6097, stack(0x00007f114cafe000,0x00007f114cbff000)]

VM state:not at safepoint (not fully initialized)

VM Mutex/Monitor currently owned by a thread: None

GC Heap History (0 events):
No events

Deoptimization events (0 events):
No events

Internal exceptions (0 events):
No events

Events (0 events):
No events


Dynamic libraries:
00400000-00401000 r-xp 00000000 08:01 426270                             /usr/lib/jvm/java-8-oracle/bin/java
00600000-00601000 rw-p 00000000 08:01 426270                             /usr/lib/jvm/java-8-oracle/bin/java
01fb1000-01fd2000 rw-p 00000000 00:00 0                                  [heap]
8d000000-d8000000 ---p 00000000 00:00 0 
d8000000-da800000 rw-p 00000000 00:00 0 
da800000-100000000 ---p 00000000 00:00 0 
7f1135000000-7f1135270000 rwxp 00000000 00:00 0 
7f1135270000-7f1144000000 ---p 00000000 00:00 0 
7f1144000000-7f1144032000 rw-p 00000000 00:00 0 
7f1144032000-7f1148000000 ---p 00000000 00:00 0 
7f1149a9d000-7f1149d24000 rw-p 00000000 00:00 0 
7f1149d24000-7f1149fa4000 ---p 00000000 00:00 0 
7f1149fa4000-7f1149fb8000 rw-p 00000000 00:00 0 
7f1149fb8000-7f114a0e4000 ---p 00000000 00:00 0 
7f114a0e4000-7f114a0ef000 rw-p 00000000 00:00 0 
7f114a0ef000-7f114a4a5000 ---p 00000000 00:00 0 
7f114a4a5000-7f114a4bf000 r-xp 00000000 08:01 552459                     /usr/lib/jvm/java-8-oracle/jre/lib/amd64/libzip.so
7f114a4bf000-7f114a6bf000 ---p 0001a000 08:01 552459                     /usr/lib/jvm/java-8-oracle/jre/lib/amd64/libzip.so
7f114a6bf000-7f114a6c0000 rw-p 0001a000 08:01 552459                     /usr/lib/jvm/java-8-oracle/jre/lib/amd64/libzip.so
7f114a6c0000-7f114a6eb000 r-xp 00000000 08:01 552453                     /usr/lib/jvm/java-8-oracle/jre/lib/amd64/libjava.so
7f114a6eb000-7f114a8ea000 ---p 0002b000 08:01 552453                     /usr/lib/jvm/java-8-oracle/jre/lib/amd64/libjava.so
7f114a8ea000-7f114a8ec000 rw-p 0002a000 08:01 552453                     /usr/lib/jvm/java-8-oracle/jre/lib/amd64/libjava.so
7f114a8ec000-7f114a8f9000 r-xp 00000000 08:01 552458                     /usr/lib/jvm/java-8-oracle/jre/lib/amd64/libverify.so
7f114a8f9000-7f114aaf8000 ---p 0000d000 08:01 552458                     /usr/lib/jvm/java-8-oracle/jre/lib/amd64/libverify.so
7f114aaf8000-7f114aafa000 rw-p 0000c000 08:01 552458                     /usr/lib/jvm/java-8-oracle/jre/lib/amd64/libverify.so
7f114aafa000-7f114ab01000 r-xp 00000000 08:01 271811                     /lib/x86_64-linux-gnu/librt-2.23.so
7f114ab01000-7f114ad00000 ---p 00007000 08:01 271811                     /lib/x86_64-linux-gnu/librt-2.23.so
7f114ad00000-7f114ad01000 r--p 00006000 08:01 271811                     /lib/x86_64-linux-gnu/librt-2.23.so
7f114ad01000-7f114ad02000 rw-p 00007000 08:01 271811                     /lib/x86_64-linux-gnu/librt-2.23.so
7f114ad02000-7f114ae0a000 r-xp 00000000 08:01 271802                     /lib/x86_64-linux-gnu/libm-2.23.so
7f114ae0a000-7f114b009000 ---p 00108000 08:01 271802                     /lib/x86_64-linux-gnu/libm-2.23.so
7f114b009000-7f114b00a000 r--p 00107000 08:01 271802                     /lib/x86_64-linux-gnu/libm-2.23.so
7f114b00a000-7f114b00b000 rw-p 00108000 08:01 271802                     /lib/x86_64-linux-gnu/libm-2.23.so
7f114b00b000-7f114bcda000 r-xp 00000000 08:01 552436                     /usr/lib/jvm/java-8-oracle/jre/lib/amd64/server/libjvm.so
7f114bcda000-7f114beda000 ---p 00ccf000 08:01 552436                     /usr/lib/jvm/java-8-oracle/jre/lib/amd64/server/libjvm.so
7f114beda000-7f114bfb3000 rw-p 00ccf000 08:01 552436                     /usr/lib/jvm/java-8-oracle/jre/lib/amd64/server/libjvm.so
7f114bfb3000-7f114bffe000 rw-p 00000000 00:00 0 
7f114bffe000-7f114c1bd000 r-xp 00000000 08:01 271804                     /lib/x86_64-linux-gnu/libc-2.23.so
7f114c1bd000-7f114c3bd000 ---p 001bf000 08:01 271804                     /lib/x86_64-linux-gnu/libc-2.23.so
7f114c3bd000-7f114c3c1000 r--p 001bf000 08:01 271804                     /lib/x86_64-linux-gnu/libc-2.23.so
7f114c3c1000-7f114c3c3000 rw-p 001c3000 08:01 271804                     /lib/x86_64-linux-gnu/libc-2.23.so
7f114c3c3000-7f114c3c7000 rw-p 00000000 00:00 0 
7f114c3c7000-7f114c3ca000 r-xp 00000000 08:01 271800                     /lib/x86_64-linux-gnu/libdl-2.23.so
7f114c3ca000-7f114c5c9000 ---p 00003000 08:01 271800                     /lib/x86_64-linux-gnu/libdl-2.23.so
7f114c5c9000-7f114c5ca000 r--p 00002000 08:01 271800                     /lib/x86_64-linux-gnu/libdl-2.23.so
7f114c5ca000-7f114c5cb000 rw-p 00003000 08:01 271800                     /lib/x86_64-linux-gnu/libdl-2.23.so
7f114c5cb000-7f114c5e0000 r-xp 00000000 08:01 426854                     /usr/lib/jvm/java-8-oracle/lib/amd64/jli/libjli.so
7f114c5e0000-7f114c7e0000 ---p 00015000 08:01 426854                     /usr/lib/jvm/java-8-oracle/lib/amd64/jli/libjli.so
7f114c7e0000-7f114c7e1000 rw-p 00015000 08:01 426854                     /usr/lib/jvm/java-8-oracle/lib/amd64/jli/libjli.so
7f114c7e1000-7f114c7f9000 r-xp 00000000 08:01 271815                     /lib/x86_64-linux-gnu/libpthread-2.23.so
7f114c7f9000-7f114c9f8000 ---p 00018000 08:01 271815                     /lib/x86_64-linux-gnu/libpthread-2.23.so
7f114c9f8000-7f114c9f9000 r--p 00017000 08:01 271815                     /lib/x86_64-linux-gnu/libpthread-2.23.so
7f114c9f9000-7f114c9fa000 rw-p 00018000 08:01 271815                     /lib/x86_64-linux-gnu/libpthread-2.23.so
7f114c9fa000-7f114c9fe000 rw-p 00000000 00:00 0 
7f114c9fe000-7f114ca24000 r-xp 00000000 08:01 271805                     /lib/x86_64-linux-gnu/ld-2.23.so
7f114cac9000-7f114cafe000 r--s 00000000 08:01 1181948                    /var/cache/nscd/passwd
7f114cafe000-7f114cb01000 ---p 00000000 00:00 0 
7f114cb01000-7f114cc03000 rw-p 00000000 00:00 0 
7f114cc17000-7f114cc1f000 rw-s 00000000 08:01 1443649                    /tmp/hsperfdata_pedrofw/6090
7f114cc1f000-7f114cc20000 rw-p 00000000 00:00 0 
7f114cc20000-7f114cc21000 r--p 00000000 00:00 0 
7f114cc21000-7f114cc23000 rw-p 00000000 00:00 0 
7f114cc23000-7f114cc24000 r--p 00025000 08:01 271805                     /lib/x86_64-linux-gnu/ld-2.23.so
7f114cc24000-7f114cc25000 rw-p 00026000 08:01 271805                     /lib/x86_64-linux-gnu/ld-2.23.so
7f114cc25000-7f114cc26000 rw-p 00000000 00:00 0 
7fff06840000-7fff06861000 rw-p 00000000 00:00 0                          [stack]
7fff069a5000-7fff069a7000 r--p 00000000 00:00 0                          [vvar]
7fff069a7000-7fff069a9000 r-xp 00000000 00:00 0                          [vdso]
ffffffffff600000-ffffffffff601000 r-xp 00000000 00:00 0                  [vsyscall]

VM Arguments:
jvm_args: -Dfile.encoding=UTF-8 
java_command: fachada.Fachada
java_class_path (initial): /home/pedrofw/projeto/ProjetoLP2/bin:/opt/eclipse/plugins/org.junit_4.12.0.v201504281640/junit.jar:/opt/eclipse/plugins/org.hamcrest.core_1.3.0.v201303031735.jar:/home/pedrofw/Downloads/easyaccept-1.0.3-jar/easyaccept.jar
Launcher Type: SUN_STANDARD

Environment Variables:
JAVA_HOME=/usr/lib/jvm/java-8-oracle
PATH=/u01/app/oracle/product/11.2.0/xe/bin:/usr/local/sbin:/usr/local/bin:/usr/sbin:/usr/bin:/sbin:/bin:/usr/games:/usr/local/games:/snap/bin:/usr/lib/jvm/java-8-oracle/bin:/usr/lib/jvm/java-8-oracle/db/bin:/usr/lib/jvm/java-8-oracle/jre/bin:/opt/puppetlabs/bin
LD_LIBRARY_PATH=/u01/app/oracle/product/11.2.0/xe/lib:
SHELL=/bin/bash
DISPLAY=:0

Signal Handlers:
SIGSEGV: [libjvm.so+0xac8af0], sa_mask[0]=11111111011111111101111111111110, sa_flags=SA_RESTART|SA_SIGINFO
SIGBUS: [libjvm.so+0xac8af0], sa_mask[0]=11111111011111111101111111111110, sa_flags=SA_RESTART|SA_SIGINFO
SIGFPE: [libjvm.so+0x921dd0], sa_mask[0]=11111111011111111101111111111110, sa_flags=SA_RESTART|SA_SIGINFO
SIGPIPE: [libjvm.so+0x921dd0], sa_mask[0]=11111111011111111101111111111110, sa_flags=SA_RESTART|SA_SIGINFO
SIGXFSZ: [libjvm.so+0x921dd0], sa_mask[0]=11111111011111111101111111111110, sa_flags=SA_RESTART|SA_SIGINFO
SIGILL: [libjvm.so+0x921dd0], sa_mask[0]=11111111011111111101111111111110, sa_flags=SA_RESTART|SA_SIGINFO
SIGUSR1: SIG_DFL, sa_mask[0]=00000000000000000000000000000000, sa_flags=none
SIGUSR2: [libjvm.so+0x923610], sa_mask[0]=00100000000000000000000000000000, sa_flags=SA_RESTART|SA_SIGINFO
SIGHUP: SIG_DFL, sa_mask[0]=00000000000000000000000000000000, sa_flags=none
SIGINT: SIG_DFL, sa_mask[0]=00000000000000000000000000000000, sa_flags=none
SIGTERM: SIG_DFL, sa_mask[0]=00000000000000000000000000000000, sa_flags=none
SIGQUIT: SIG_DFL, sa_mask[0]=00000000000000000000000000000000, sa_flags=none


---------------  S Y S T E M  ---------------

OS:DISTRIB_ID=Ubuntu
DISTRIB_RELEASE=16.04
DISTRIB_CODENAME=xenial
DISTRIB_DESCRIPTION="Ubuntu 16.04.2 LTS"

uname:Linux 4.8.0-52-generic #55~16.04.1-Ubuntu SMP Fri Apr 28 14:36:29 UTC 2017 x86_64
libc:glibc 2.23 NPTL 2.23 
rlimit: STACK 8192k, CORE 0k, NPROC 30524, NOFILE 65536, AS infinity
load average:15.52 11.64 7.75

/proc/meminfo:
MemTotal:        7857028 kB
MemFree:          126456 kB
MemAvailable:      31716 kB
Buffers:            1176 kB
Cached:           530624 kB
SwapCached:            0 kB
Active:          6978692 kB
Inactive:         475392 kB
Active(anon):    6965992 kB
Inactive(anon):   460592 kB
Active(file):      12700 kB
Inactive(file):    14800 kB
Unevictable:          32 kB
Mlocked:              32 kB
SwapTotal:             0 kB
SwapFree:              0 kB
Dirty:               176 kB
Writeback:            12 kB
AnonPages:       6922508 kB
Mapped:           150020 kB
Shmem:            504108 kB
Slab:             156168 kB
SReclaimable:      53704 kB
SUnreclaim:       102464 kB
KernelStack:       15152 kB
PageTables:        59256 kB
NFS_Unstable:          0 kB
Bounce:                0 kB
WritebackTmp:          0 kB
CommitLimit:     3928512 kB
Committed_AS:   13318812 kB
VmallocTotal:   34359738367 kB
VmallocUsed:           0 kB
VmallocChunk:          0 kB
HardwareCorrupted:     0 kB
AnonHugePages:   4239360 kB
ShmemHugePages:        0 kB
ShmemPmdMapped:        0 kB
CmaTotal:              0 kB
CmaFree:               0 kB
HugePages_Total:       0
HugePages_Free:        0
HugePages_Rsvd:        0
HugePages_Surp:        0
Hugepagesize:       2048 kB
DirectMap4k:      177052 kB
DirectMap2M:     7890944 kB


CPU:total 8 (initial active 8) (4 cores per cpu, 2 threads per core) family 6 model 42 stepping 7, cmov, cx8, fxsr, mmx, sse, sse2, sse3, ssse3, sse4.1, sse4.2, popcnt, avx, aes, clmul, ht, tsc, tscinvbit

/proc/cpuinfo:
processor	: 0
vendor_id	: GenuineIntel
cpu family	: 6
model		: 42
model name	: Intel(R) Core(TM) i7-2600 CPU @ 3.40GHz
stepping	: 7
microcode	: 0x29
cpu MHz		: 3399.169
cache size	: 8192 KB
physical id	: 0
siblings	: 8
core id		: 0
cpu cores	: 4
apicid		: 0
initial apicid	: 0
fpu		: yes
fpu_exception	: yes
cpuid level	: 13
wp		: yes
flags		: fpu vme de pse tsc msr pae mce cx8 apic sep mtrr pge mca cmov pat pse36 clflush dts acpi mmx fxsr sse sse2 ss ht tm pbe syscall nx rdtscp lm constant_tsc arch_perfmon pebs bts nopl xtopology nonstop_tsc aperfmperf eagerfpu pni pclmulqdq dtes64 ds_cpl vmx smx est tm2 ssse3 cx16 xtpr pdcm pcid sse4_1 sse4_2 x2apic popcnt tsc_deadline_timer aes xsave avx lahf_lm epb tpr_shadow vnmi flexpriority ept vpid xsaveopt dtherm ida arat pln pts
bugs		:
bogomips	: 6784.16
clflush size	: 64
cache_alignment	: 64
address sizes	: 36 bits physical, 48 bits virtual
power management:

processor	: 1
vendor_id	: GenuineIntel
cpu family	: 6
model		: 42
model name	: Intel(R) Core(TM) i7-2600 CPU @ 3.40GHz
stepping	: 7
microcode	: 0x29
cpu MHz		: 3400.000
cache size	: 8192 KB
physical id	: 0
siblings	: 8
core id		: 1
cpu cores	: 4
apicid		: 2
initial apicid	: 2
fpu		: yes
fpu_exception	: yes
cpuid level	: 13
wp		: yes
flags		: fpu vme de pse tsc msr pae mce cx8 apic sep mtrr pge mca cmov pat pse36 clflush dts acpi mmx fxsr sse sse2 ss ht tm pbe syscall nx rdtscp lm constant_tsc arch_perfmon pebs bts nopl xtopology nonstop_tsc aperfmperf eagerfpu pni pclmulqdq dtes64 monitor ds_cpl vmx smx est tm2 ssse3 cx16 xtpr pdcm pcid sse4_1 sse4_2 x2apic popcnt tsc_deadline_timer aes xsave avx lahf_lm epb tpr_shadow vnmi flexpriority ept vpid xsaveopt dtherm ida arat pln pts
bugs		:
bogomips	: 6784.16
clflush size	: 64
cache_alignment	: 64
address sizes	: 36 bits physical, 48 bits virtual
power management:

processor	: 2
vendor_id	: GenuineIntel
cpu family	: 6
model		: 42
model name	: Intel(R) Core(TM) i7-2600 CPU @ 3.40GHz
stepping	: 7
microcode	: 0x29
cpu MHz		: 3400.000
cache size	: 8192 KB
physical id	: 0
siblings	: 8
core id		: 2
cpu cores	: 4
apicid		: 4
initial apicid	: 4
fpu		: yes
fpu_exception	: yes
cpuid level	: 13
wp		: yes
flags		: fpu vme de pse tsc msr pae mce cx8 apic sep mtrr pge mca cmov pat pse36 clflush dts acpi mmx fxsr sse sse2 ss ht tm pbe syscall nx rdtscp lm constant_tsc arch_perfmon pebs bts nopl xtopology nonstop_tsc aperfmperf eagerfpu pni pclmulqdq dtes64 monitor ds_cpl vmx smx est tm2 ssse3 cx16 xtpr pdcm pcid sse4_1 sse4_2 x2apic popcnt tsc_deadline_timer aes xsave avx lahf_lm epb tpr_shadow vnmi flexpriority ept vpid xsaveopt dtherm ida arat pln pts
bugs		:
bogomips	: 6784.16
clflush size	: 64
cache_alignment	: 64
address sizes	: 36 bits physical, 48 bits virtual
power management:

processor	: 3
vendor_id	: GenuineIntel
cpu family	: 6
model		: 42
model name	: Intel(R) Core(TM) i7-2600 CPU @ 3.40GHz
stepping	: 7
microcode	: 0x29
cpu MHz		: 3399.792
cache size	: 8192 KB
physical id	: 0
siblings	: 8
core id		: 3
cpu cores	: 4
apicid		: 6
initial apicid	: 6
fpu		: yes
fpu_exception	: yes
cpuid level	: 13
wp		: yes
flags		: fpu vme de pse tsc msr pae mce cx8 apic sep mtrr pge mca cmov pat pse36 clflush dts acpi mmx fxsr sse sse2 ss ht tm pbe syscall nx rdtscp lm constant_tsc arch_perfmon pebs bts nopl xtopology nonstop_tsc aperfmperf eagerfpu pni pclmulqdq dtes64 monitor ds_cpl vmx smx est tm2 ssse3 cx16 xtpr pdcm pcid sse4_1 sse4_2 x2apic popcnt tsc_deadline_timer aes xsave avx lahf_lm epb tpr_shadow vnmi flexpriority ept vpid xsaveopt dtherm ida arat pln pts
bugs		:
bogomips	: 6784.16
clflush size	: 64
cache_alignment	: 64
address sizes	: 36 bits physical, 48 bits virtual
power management:

processor	: 4
vendor_id	: GenuineIntel
cpu family	: 6
model		: 42
model name	: Intel(R) Core(TM) i7-2600 CPU @ 3.40GHz
stepping	: 7
microcode	: 0x29
cpu MHz		: 3399.584
cache size	: 8192 KB
physical id	: 0
siblings	: 8
core id		: 0
cpu cores	: 4
apicid		: 1
initial apicid	: 1
fpu		: yes
fpu_exception	: yes
cpuid level	: 13
wp		: yes
flags		: fpu vme de pse tsc msr pae mce cx8 apic sep mtrr pge mca cmov pat pse36 clflush dts acpi mmx fxsr sse sse2 ss ht tm pbe syscall nx rdtscp lm constant_tsc arch_perfmon pebs bts nopl xtopology nonstop_tsc aperfmperf eagerfpu pni pclmulqdq dtes64 monitor ds_cpl vmx smx est tm2 ssse3 cx16 xtpr pdcm pcid sse4_1 sse4_2 x2apic popcnt tsc_deadline_timer aes xsave avx lahf_lm epb tpr_shadow vnmi flexpriority ept vpid xsaveopt dtherm ida arat pln pts
bugs		:
bogomips	: 6784.16
clflush size	: 64
cache_alignment	: 64
address sizes	: 36 bits physical, 48 bits virtual
power management:

processor	: 5
vendor_id	: GenuineIntel
cpu family	: 6
model		: 42
model name	: Intel(R) Core(TM) i7-2600 CPU @ 3.40GHz
stepping	: 7
microcode	: 0x29
cpu MHz		: 3400.000
cache size	: 8192 KB
physical id	: 0
siblings	: 8
core id		: 1
cpu cores	: 4
apicid		: 3
initial apicid	: 3
fpu		: yes
fpu_exception	: yes
cpuid level	: 13
wp		: yes
flags		: fpu vme de pse tsc msr pae mce cx8 apic sep mtrr pge mca cmov pat pse36 clflush dts acpi mmx fxsr sse sse2 ss ht tm pbe syscall nx rdtscp lm constant_tsc arch_perfmon pebs bts nopl xtopology nonstop_tsc aperfmperf eagerfpu pni pclmulqdq dtes64 monitor ds_cpl vmx smx est tm2 ssse3 cx16 xtpr pdcm pcid sse4_1 sse4_2 x2apic popcnt tsc_deadline_timer aes xsave avx lahf_lm epb tpr_shadow vnmi flexpriority ept vpid xsaveopt dtherm ida arat pln pts
bugs		:
bogomips	: 6784.16
clflush size	: 64
cache_alignment	: 64
address sizes	: 36 bits physical, 48 bits virtual
power management:

processor	: 6
vendor_id	: GenuineIntel
cpu family	: 6
model		: 42
model name	: Intel(R) Core(TM) i7-2600 CPU @ 3.40GHz
stepping	: 7
microcode	: 0x29
cpu MHz		: 3399.792
cache size	: 8192 KB
physical id	: 0
siblings	: 8
core id		: 2
cpu cores	: 4
apicid		: 5
initial apicid	: 5
fpu		: yes
fpu_exception	: yes
cpuid level	: 13
wp		: yes
flags		: fpu vme de pse tsc msr pae mce cx8 apic sep mtrr pge mca cmov pat pse36 clflush dts acpi mmx fxsr sse sse2 ss ht tm pbe syscall nx rdtscp lm constant_tsc arch_perfmon pebs bts nopl xtopology nonstop_tsc aperfmperf eagerfpu pni pclmulqdq dtes64 monitor ds_cpl vmx smx est tm2 ssse3 cx16 xtpr pdcm pcid sse4_1 sse4_2 x2apic popcnt tsc_deadline_timer aes xsave avx lahf_lm epb tpr_shadow vnmi flexpriority ept vpid xsaveopt dtherm ida arat pln pts
bugs		:
bogomips	: 6784.16
clflush size	: 64
cache_alignment	: 64
address sizes	: 36 bits physical, 48 bits virtual
power management:

processor	: 7
vendor_id	: GenuineIntel
cpu family	: 6
model		: 42
model name	: Intel(R) Core(TM) i7-2600 CPU @ 3.40GHz
stepping	: 7
microcode	: 0x29
cpu MHz		: 3399.792
cache size	: 8192 KB
physical id	: 0
siblings	: 8
core id		: 3
cpu cores	: 4
apicid		: 7
initial apicid	: 7
fpu		: yes
fpu_exception	: yes
cpuid level	: 13
wp		: yes
flags		: fpu vme de pse tsc msr pae mce cx8 apic sep mtrr pge mca cmov pat pse36 clflush dts acpi mmx fxsr sse sse2 ss ht tm pbe syscall nx rdtscp lm constant_tsc arch_perfmon pebs bts nopl xtopology nonstop_tsc aperfmperf eagerfpu pni pclmulqdq dtes64 monitor ds_cpl vmx smx est tm2 ssse3 cx16 xtpr pdcm pcid sse4_1 sse4_2 x2apic popcnt tsc_deadline_timer aes xsave avx lahf_lm epb tpr_shadow vnmi flexpriority ept vpid xsaveopt dtherm ida arat pln pts
bugs		:
bogomips	: 6784.16
clflush size	: 64
cache_alignment	: 64
address sizes	: 36 bits physical, 48 bits virtual
power management:



Memory: 4k page, physical 7857028k(126456k free), swap 0k(0k free)

vm_info: Java HotSpot(TM) 64-Bit Server VM (25.131-b11) for linux-amd64 JRE (1.8.0_131-b11), built on Mar 15 2017 01:23:40 by "java_re" with gcc 4.3.0 20080428 (Red Hat 4.3.0-8)

time: Wed Aug 16 11:21:44 2017
elapsed time: 11 seconds (0d 0h 0m 11s)

